<?xml version="1.0" encoding="UTF-8"?>
<!-- Generated by org.testng.reporters.JUnitXMLReporter -->
<testsuite hostname="Yvonnes-MBP" ignored="0" name="Default test" tests="4" failures="0" timestamp="06 Apr 2018 12:47:33 GMT" time="40.92" errors="0">
  <testcase name="lanuchApplication" time="2.115" classname="ToolsQA.OnlineShopping.User"/>
  <testcase name="verifyElements" time="2.189" classname="ToolsQA.OnlineShopping.User"/>
  <testcase name="customerRegistration" time="25.888" classname="ToolsQA.OnlineShopping.User"/>
  <testcase name="login" time="3.362" classname="ToolsQA.OnlineShopping.User"/>
</testsuite> <!-- Default test -->
