<?xml version="1.0" encoding="UTF-8"?>
<testng-results skipped="0" failed="0" ignored="0" total="4" passed="4">
  <reporter-output>
  </reporter-output>
  <suite name="Default suite" duration-ms="40920" started-at="2018-04-06T12:46:52Z" finished-at="2018-04-06T12:47:33Z">
    <groups>
    </groups>
    <test name="Default test" duration-ms="40920" started-at="2018-04-06T12:46:52Z" finished-at="2018-04-06T12:47:33Z">
      <class name="ToolsQA.OnlineShopping.User">
        <test-method status="PASS" signature="launchBrowser()[pri:0, instance:ToolsQA.OnlineShopping.User@4501b7af]" name="launchBrowser" is-config="true" duration-ms="2862" started-at="2018-04-06T13:46:52Z" finished-at="2018-04-06T13:46:55Z">
          <reporter-output>
          </reporter-output>
        </test-method> <!-- launchBrowser -->
        <test-method status="PASS" signature="lanuchApplication()[pri:1, instance:ToolsQA.OnlineShopping.User@4501b7af]" name="lanuchApplication" duration-ms="2115" started-at="2018-04-06T13:46:55Z" finished-at="2018-04-06T13:46:57Z">
          <reporter-output>
          </reporter-output>
        </test-method> <!-- lanuchApplication -->
        <test-method status="PASS" signature="closeBrowser()[pri:0, instance:ToolsQA.OnlineShopping.User@4501b7af]" name="closeBrowser" is-config="true" duration-ms="99" started-at="2018-04-06T13:46:57Z" finished-at="2018-04-06T13:46:57Z">
          <reporter-output>
          </reporter-output>
        </test-method> <!-- closeBrowser -->
        <test-method status="PASS" signature="launchBrowser()[pri:0, instance:ToolsQA.OnlineShopping.User@4501b7af]" name="launchBrowser" is-config="true" duration-ms="1117" started-at="2018-04-06T13:46:57Z" finished-at="2018-04-06T13:46:58Z">
          <reporter-output>
          </reporter-output>
        </test-method> <!-- launchBrowser -->
        <test-method status="PASS" signature="verifyElements()[pri:2, instance:ToolsQA.OnlineShopping.User@4501b7af]" name="verifyElements" duration-ms="2189" started-at="2018-04-06T13:46:58Z" finished-at="2018-04-06T13:47:00Z">
          <reporter-output>
          </reporter-output>
        </test-method> <!-- verifyElements -->
        <test-method status="PASS" signature="closeBrowser()[pri:0, instance:ToolsQA.OnlineShopping.User@4501b7af]" name="closeBrowser" is-config="true" duration-ms="112" started-at="2018-04-06T13:47:00Z" finished-at="2018-04-06T13:47:01Z">
          <reporter-output>
          </reporter-output>
        </test-method> <!-- closeBrowser -->
        <test-method status="PASS" signature="launchBrowser()[pri:0, instance:ToolsQA.OnlineShopping.User@4501b7af]" name="launchBrowser" is-config="true" duration-ms="1332" started-at="2018-04-06T13:47:01Z" finished-at="2018-04-06T13:47:02Z">
          <reporter-output>
          </reporter-output>
        </test-method> <!-- launchBrowser -->
        <test-method status="PASS" signature="customerRegistration()[pri:3, instance:ToolsQA.OnlineShopping.User@4501b7af]" name="customerRegistration" duration-ms="25888" started-at="2018-04-06T13:47:02Z" finished-at="2018-04-06T13:47:28Z">
          <reporter-output>
          </reporter-output>
        </test-method> <!-- customerRegistration -->
        <test-method status="PASS" signature="closeBrowser()[pri:0, instance:ToolsQA.OnlineShopping.User@4501b7af]" name="closeBrowser" is-config="true" duration-ms="109" started-at="2018-04-06T13:47:28Z" finished-at="2018-04-06T13:47:28Z">
          <reporter-output>
          </reporter-output>
        </test-method> <!-- closeBrowser -->
        <test-method status="PASS" signature="launchBrowser()[pri:0, instance:ToolsQA.OnlineShopping.User@4501b7af]" name="launchBrowser" is-config="true" duration-ms="1592" started-at="2018-04-06T13:47:28Z" finished-at="2018-04-06T13:47:30Z">
          <reporter-output>
          </reporter-output>
        </test-method> <!-- launchBrowser -->
        <test-method status="PASS" signature="login()[pri:4, instance:ToolsQA.OnlineShopping.User@4501b7af]" name="login" duration-ms="3362" started-at="2018-04-06T13:47:30Z" finished-at="2018-04-06T13:47:33Z">
          <reporter-output>
          </reporter-output>
        </test-method> <!-- login -->
        <test-method status="PASS" signature="closeBrowser()[pri:0, instance:ToolsQA.OnlineShopping.User@4501b7af]" name="closeBrowser" is-config="true" duration-ms="108" started-at="2018-04-06T13:47:33Z" finished-at="2018-04-06T13:47:33Z">
          <reporter-output>
          </reporter-output>
        </test-method> <!-- closeBrowser -->
      </class> <!-- ToolsQA.OnlineShopping.User -->
    </test> <!-- Default test -->
  </suite> <!-- Default suite -->
</testng-results>
